2025-06-15 22:34:48,244 - src.game - INFO - Serial port open: COM4
2025-06-15 22:34:48,248 - src.music - INFO - Loaded 11 title songs, 3 final songs, 3 victory songs.
2025-06-15 22:34:48,262 - src.music - INFO - Playing: titlerunthistown.mp3
2025-06-15 22:34:54,561 - src.music - INFO - Music stopped.
2025-06-15 22:34:55,613 - src.game - INFO - Question selected: <src.game_utils.Question object at 0x000002B1C1651430>
2025-06-15 22:35:28,015 - src.game - INFO - Question selected: <src.game_utils.Question object at 0x000002B1C1653CE0>
2025-06-15 22:35:39,051 - src.game - INFO - Question selected: <src.game_utils.Question object at 0x000002B1C1653E30>
2025-06-15 22:36:42,213 - src.game - INFO - Question selected: <src.game_utils.Question object at 0x000002B1C1653E90>
2025-06-15 22:36:49,327 - src.game - INFO - Question selected: <src.game_utils.Question object at 0x000002B1C1658350>
2025-06-15 22:37:19,287 - src.game - INFO - Question selected: <src.game_utils.Question object at 0x000002B1C1647020>
2025-06-15 22:37:35,110 - src.game - INFO - Question selected: <src.game_utils.Question object at 0x000002B1C16527E0>
2025-06-15 22:37:52,956 - src.game - INFO - Question selected: <src.game_utils.Question object at 0x000002B1C16529C0>
2025-06-15 22:38:50,038 - src.game - INFO - Question selected: <src.game_utils.Question object at 0x000002B1C1653530>
2025-06-15 22:39:02,993 - src.game - INFO - Question selected: <src.game_utils.Question object at 0x000002B1C16538F0>
2025-06-15 22:40:13,116 - src.game - INFO - Question selected: <src.game_utils.Question object at 0x000002B1C1651BB0>
2025-06-15 22:40:16,206 - src.game - INFO - Question selected: <src.game_utils.Question object at 0x000002B1C1651AF0>
2025-06-15 22:40:22,177 - src.game - INFO - Question selected: <src.game_utils.Question object at 0x000002B1C163CAA0>
2025-06-15 22:40:28,821 - src.game - INFO - Question selected: <src.game_utils.Question object at 0x000002B1C163CDD0>
2025-06-15 22:41:23,897 - src.music - INFO - Playing: final1dragon.mp3
2025-06-15 23:34:28,674 - src.game - INFO - Serial port open: COM4
2025-06-15 23:34:28,677 - src.music - INFO - Loaded 11 title songs, 3 final songs, 3 victory songs.
2025-06-15 23:34:28,693 - src.music - INFO - Playing: titlebep.mp3
2025-06-15 23:36:07,918 - src.music - INFO - Music stopped.
2025-06-15 23:36:45,930 - src.music - INFO - Playing: finalm&m.mp3
2025-06-15 23:44:17,368 - src.game - INFO - Serial port open: COM4
2025-06-15 23:44:17,371 - src.music - INFO - Loaded 11 title songs, 3 final songs, 3 victory songs.
2025-06-15 23:44:17,390 - src.music - INFO - Playing: title1zelda.mp3
2025-06-15 23:44:21,169 - src.music - INFO - Music stopped.
2025-06-15 23:46:53,920 - src.music - INFO - Playing: finalm&m.mp3
2025-06-15 23:50:22,519 - src.game - INFO - Serial port open: COM4
2025-06-15 23:50:22,522 - src.music - INFO - Loaded 11 title songs, 3 final songs, 3 victory songs.
2025-06-15 23:50:22,525 - src.music - INFO - Playing: titlerunthistown.mp3
2025-06-15 23:50:26,973 - src.music - INFO - Music stopped.
2025-06-15 23:55:26,526 - src.game - ERROR - Unable to connect to port: COM4
 because of: could not open port 'COM4': FileNotFoundError(2, 'The system cannot find the file specified.', None, 2)
2025-06-15 23:56:12,561 - src.game - INFO - Serial port open: COM4
2025-06-15 23:56:12,565 - src.music - INFO - Loaded 11 title songs, 3 final songs, 3 victory songs.
2025-06-15 23:56:12,583 - src.music - INFO - Playing: title6babyshark.mp3
2025-06-15 23:56:40,656 - src.music - INFO - Music stopped.
2025-06-15 23:58:09,225 - src.game - INFO - Serial port open: COM4
2025-06-15 23:58:09,228 - src.music - INFO - Loaded 11 title songs, 3 final songs, 3 victory songs.
2025-06-15 23:58:09,230 - src.music - INFO - Playing: titlerunthistown.mp3
2025-06-15 23:59:18,941 - src.music - INFO - Music stopped.
2025-06-16 00:00:17,876 - src.game - INFO - Serial port open: COM4
2025-06-16 00:00:17,879 - src.music - INFO - Loaded 11 title songs, 3 final songs, 3 victory songs.
2025-06-16 00:00:17,882 - src.music - INFO - Playing: titledarkhorse.mp3
2025-06-16 00:00:18,839 - src.music - INFO - Music stopped.
2025-06-16 00:00:29,568 - src.music - INFO - Playing: final2mega.mp3
2025-06-16 00:02:37,664 - src.game - INFO - Serial port open: COM4
2025-06-16 00:02:37,666 - src.music - INFO - Loaded 11 title songs, 3 final songs, 3 victory songs.
2025-06-16 00:02:37,682 - src.music - INFO - Playing: title4sponge.mp3
2025-06-16 00:02:39,093 - src.music - INFO - Music stopped.
2025-06-16 00:08:55,124 - src.music - INFO - Playing: finalm&m.mp3
2025-06-16 00:09:42,733 - src.game - INFO - Serial port open: COM4
2025-06-16 00:09:42,736 - src.music - INFO - Loaded 11 title songs, 3 final songs, 3 victory songs.
2025-06-16 00:09:42,752 - src.music - INFO - Playing: title7retro1.mp3
2025-06-16 00:09:43,276 - src.music - INFO - Music stopped.
2025-06-16 00:09:43,972 - src.music - INFO - Playing: final2mega.mp3
2025-06-16 00:12:49,033 - src.game - INFO - Serial port open: COM4
2025-06-16 00:12:49,036 - src.music - INFO - Loaded 11 title songs, 3 final songs, 3 victory songs.
2025-06-16 00:12:49,053 - src.music - INFO - Playing: title3starwars.mp3
2025-06-16 00:12:50,613 - src.music - INFO - Music stopped.
2025-06-16 00:13:10,647 - src.music - INFO - Playing: finalm&m.mp3
2025-06-16 00:13:53,444 - src.game - INFO - Serial port open: COM4
2025-06-16 00:13:53,448 - src.music - INFO - Loaded 11 title songs, 3 final songs, 3 victory songs.
2025-06-16 00:13:53,451 - src.music - INFO - Playing: title1zelda.mp3
2025-06-16 00:13:54,430 - src.music - INFO - Music stopped.
2025-06-16 00:14:06,872 - src.music - INFO - Playing: final1dragon.mp3
2025-06-16 00:18:51,495 - src.game - INFO - Serial port open: COM4
2025-06-16 00:18:51,498 - src.music - INFO - Loaded 11 title songs, 3 final songs, 3 victory songs.
2025-06-16 00:18:51,501 - src.music - INFO - Playing: titlerunthistown.mp3
2025-06-16 00:18:52,733 - src.music - INFO - Music stopped.
2025-06-16 00:18:55,620 - src.music - INFO - Playing: final1dragon.mp3
2025-06-16 00:20:39,339 - src.game - INFO - Serial port open: COM4
2025-06-16 00:20:39,343 - src.music - INFO - Loaded 11 title songs, 3 final songs, 3 victory songs.
2025-06-16 00:20:39,346 - src.music - INFO - Playing: titledarkhorse.mp3
2025-06-16 00:20:40,004 - src.music - INFO - Music stopped.
2025-06-16 00:20:40,780 - src.music - INFO - Playing: finalm&m.mp3
2025-06-16 00:24:33,937 - src.game - INFO - Serial port open: COM4
2025-06-16 00:24:33,940 - src.music - INFO - Loaded 11 title songs, 3 final songs, 3 victory songs.
2025-06-16 00:24:33,956 - src.music - INFO - Playing: title8gunsnrose.mp3
2025-06-16 00:24:34,925 - src.music - INFO - Music stopped.
2025-06-16 00:24:52,650 - src.music - INFO - Playing: final2mega.mp3
2025-06-16 00:29:36,016 - src.game - INFO - Serial port open: COM4
2025-06-16 00:29:36,020 - src.music - INFO - Loaded 11 title songs, 3 final songs, 3 victory songs.
2025-06-16 00:29:36,024 - src.music - INFO - Playing: title6babyshark.mp3
2025-06-16 00:29:36,839 - src.music - INFO - Music stopped.
2025-06-16 00:29:39,589 - src.music - INFO - Playing: finalm&m.mp3
2025-06-16 10:30:42,718 - src.game - ERROR - Unable to connect to port: COM4
 because of: could not open port 'COM4': FileNotFoundError(2, 'The system cannot find the file specified.', None, 2)
2025-06-16 10:30:55,618 - src.game - INFO - Serial port open: COM4
2025-06-16 10:30:55,633 - src.music - INFO - Loaded 11 title songs, 3 final songs, 3 victory songs.
2025-06-16 10:30:55,647 - src.music - INFO - Playing: titlerunthistown.mp3
2025-06-16 10:31:06,134 - src.music - INFO - Music stopped.
2025-06-16 10:31:10,149 - src.music - INFO - Playing: final2mega.mp3
2025-06-16 10:35:48,675 - src.game - INFO - Serial port open: COM4
2025-06-16 10:35:48,679 - src.music - INFO - Loaded 11 title songs, 3 final songs, 3 victory songs.
2025-06-16 10:35:48,695 - src.music - INFO - Playing: title6babyshark.mp3
2025-06-16 10:35:58,942 - src.music - INFO - Music stopped.
2025-06-16 10:36:00,778 - src.music - INFO - Playing: finalm&m.mp3
2025-06-16 10:39:58,778 - src.game - INFO - Serial port open: COM4
2025-06-16 10:39:58,782 - src.music - INFO - Loaded 11 title songs, 3 final songs, 3 victory songs.
2025-06-16 10:39:58,786 - src.music - INFO - Playing: title6babyshark.mp3
2025-06-16 10:40:16,029 - src.music - INFO - Music stopped.
2025-06-16 10:41:00,921 - src.music - INFO - Playing: finalm&m.mp3
